<?xml version="1.0" encoding="UTF-8"?>
<testsuite xmlns:xsi="http://www.w3.org/2001/XMLSchema-instance" xsi:noNamespaceSchemaLocation="https://maven.apache.org/surefire/maven-surefire-plugin/xsd/surefire-test-report.xsd" version="3.0.2" name="com.example.employee.EmployeeSecApplicationTests" time="2.778" tests="1" errors="0" skipped="0" failures="0">
  <properties>
[...]
</properties>
  <testcase name="contextLoads" classname="com.example.employee.EmployeeSecApplicationTests" time="0.286">
    <system-out><![CDATA[10:41:07.071 [main] INFO org.springframework.test.context.support.AnnotationConfigContextLoaderUtils -- Could not detect default configuration classes for test class [com.example.employee.EmployeeSecApplicationTests]: EmployeeSecApplicationTests does not declare any static, non-private, non-final, nested classes annotated with @Configuration.
10:41:07.121 [main] INFO org.springframework.boot.test.context.SpringBootTestContextBootstrapper -- Found @SpringBootConfiguration com.example.employee.EmployeeSecApplication for test class com.example.employee.EmployeeSecApplicationTests
10:41:07.188 [main] INFO org.springframework.boot.devtools.restart.RestartApplicationListener -- Restart disabled due to context in which it is running

  .   ____          _            __ _ _
 /\\ / ___'_ __ _ _(_)_ __  __ _ \ \ \ \
( ( )\___ | '_ | '_| | '_ \/ _` | \ \ \ \
 \\/  ___)| |_)| | | | | || (_| |  ) ) ) )
  '  |____| .__|_| |_|_| |_\__, | / / / /
 =========|_|==============|___/=/_/_/_/

 :: Spring Boot ::                (v3.4.1)

&amp#27;[32m28-Dec-2024 10:41:07.316&amp#27;[0;39m &amp#27;[34mINFO &amp#27;[0;39m &amp#27;[31m[main]&amp#27;[0;39m &amp#27;[33mc.e.e.EmployeeSecApplicationTests&amp#27;[0;39m - Starting EmployeeSecApplicationTests using Java 23.0.1 with PID 2379 (started by abinash in /Users/abinash/Documents/dev/SpringBoot/emploee_security_backend)
&amp#27;[32m28-Dec-2024 10:41:07.323&amp#27;[0;39m &amp#27;[34mDEBUG&amp#27;[0;39m &amp#27;[31m[main]&amp#27;[0;39m &amp#27;[33mc.e.e.EmployeeSecApplicationTests&amp#27;[0;39m - Running with Spring Boot v3.4.1, Spring v6.2.1
&amp#27;[32m28-Dec-2024 10:41:07.324&amp#27;[0;39m &amp#27;[34mINFO &amp#27;[0;39m &amp#27;[31m[main]&amp#27;[0;39m &amp#27;[33mc.e.e.EmployeeSecApplicationTests&amp#27;[0;39m - No active profile set, falling back to 1 default profile: "default"
&amp#27;[32m28-Dec-2024 10:41:07.612&amp#27;[0;39m &amp#27;[34mINFO &amp#27;[0;39m &amp#27;[31m[main]&amp#27;[0;39m &amp#27;[33mo.s.d.r.c.RepositoryConfigurationDelegate&amp#27;[0;39m - Bootstrapping Spring Data JPA repositories in DEFAULT mode.
&amp#27;[32m28-Dec-2024 10:41:07.634&amp#27;[0;39m &amp#27;[34mINFO &amp#27;[0;39m &amp#27;[31m[main]&amp#27;[0;39m &amp#27;[33mo.s.d.r.c.RepositoryConfigurationDelegate&amp#27;[0;39m - Finished Spring Data repository scanning in 17 ms. Found 1 JPA repository interface.
&amp#27;[32m28-Dec-2024 10:41:07.824&amp#27;[0;39m &amp#27;[34mINFO &amp#27;[0;39m &amp#27;[31m[main]&amp#27;[0;39m &amp#27;[33mc.z.h.HikariDataSource&amp#27;[0;39m - HikariPool-1 - Starting...
&amp#27;[32m28-Dec-2024 10:41:07.909&amp#27;[0;39m &amp#27;[34mINFO &amp#27;[0;39m &amp#27;[31m[main]&amp#27;[0;39m &amp#27;[33mc.z.h.p.HikariPool&amp#27;[0;39m - HikariPool-1 - Added connection org.postgresql.jdbc.PgConnection@1f536481
&amp#27;[32m28-Dec-2024 10:41:07.910&amp#27;[0;39m &amp#27;[34mINFO &amp#27;[0;39m &amp#27;[31m[main]&amp#27;[0;39m &amp#27;[33mc.z.h.HikariDataSource&amp#27;[0;39m - HikariPool-1 - Start completed.
&amp#27;[32m28-Dec-2024 10:41:08.240&amp#27;[0;39m &amp#27;[34mINFO &amp#27;[0;39m &amp#27;[31m[main]&amp#27;[0;39m &amp#27;[33ml.changelog&amp#27;[0;39m - Reading from employee_security.databasechangelog
&amp#27;[32m28-Dec-2024 10:41:08.259&amp#27;[0;39m &amp#27;[34mINFO &amp#27;[0;39m &amp#27;[31m[main]&amp#27;[0;39m &amp#27;[33mliquibase.ui&amp#27;[0;39m - Database is up to date, no changesets to execute
&amp#27;[32m28-Dec-2024 10:41:08.262&amp#27;[0;39m &amp#27;[34mINFO &amp#27;[0;39m &amp#27;[31m[main]&amp#27;[0;39m &amp#27;[33ml.changelog&amp#27;[0;39m - Reading from employee_security.databasechangelog
&amp#27;[32m28-Dec-2024 10:41:08.266&amp#27;[0;39m &amp#27;[34mINFO &amp#27;[0;39m &amp#27;[31m[main]&amp#27;[0;39m &amp#27;[33mliquibase.util&amp#27;[0;39m - UPDATE SUMMARY
&amp#27;[32m28-Dec-2024 10:41:08.266&amp#27;[0;39m &amp#27;[34mINFO &amp#27;[0;39m &amp#27;[31m[main]&amp#27;[0;39m &amp#27;[33mliquibase.util&amp#27;[0;39m - Run:                          0
&amp#27;[32m28-Dec-2024 10:41:08.266&amp#27;[0;39m &amp#27;[34mINFO &amp#27;[0;39m &amp#27;[31m[main]&amp#27;[0;39m &amp#27;[33mliquibase.util&amp#27;[0;39m - Previously run:               2
&amp#27;[32m28-Dec-2024 10:41:08.266&amp#27;[0;39m &amp#27;[34mINFO &amp#27;[0;39m &amp#27;[31m[main]&amp#27;[0;39m &amp#27;[33mliquibase.util&amp#27;[0;39m - Filtered out:                 0
&amp#27;[32m28-Dec-2024 10:41:08.266&amp#27;[0;39m &amp#27;[34mINFO &amp#27;[0;39m &amp#27;[31m[main]&amp#27;[0;39m &amp#27;[33mliquibase.util&amp#27;[0;39m - -------------------------------
&amp#27;[32m28-Dec-2024 10:41:08.266&amp#27;[0;39m &amp#27;[34mINFO &amp#27;[0;39m &amp#27;[31m[main]&amp#27;[0;39m &amp#27;[33mliquibase.util&amp#27;[0;39m - Total change sets:            2
&amp#27;[32m28-Dec-2024 10:41:08.266&amp#27;[0;39m &amp#27;[34mINFO &amp#27;[0;39m &amp#27;[31m[main]&amp#27;[0;39m &amp#27;[33mliquibase.util&amp#27;[0;39m - Update summary generated
&amp#27;[32m28-Dec-2024 10:41:08.267&amp#27;[0;39m &amp#27;[34mINFO &amp#27;[0;39m &amp#27;[31m[main]&amp#27;[0;39m &amp#27;[33ml.command&amp#27;[0;39m - Command execution complete
&amp#27;[32m28-Dec-2024 10:41:08.306&amp#27;[0;39m &amp#27;[34mINFO &amp#27;[0;39m &amp#27;[31m[main]&amp#27;[0;39m &amp#27;[33mo.h.j.i.u.LogHelper&amp#27;[0;39m - HHH000204: Processing PersistenceUnitInfo [name: default]
&amp#27;[32m28-Dec-2024 10:41:08.336&amp#27;[0;39m &amp#27;[34mINFO &amp#27;[0;39m &amp#27;[31m[main]&amp#27;[0;39m &amp#27;[33mo.h.Version&amp#27;[0;39m - HHH000412: Hibernate ORM core version 6.6.4.Final
&amp#27;[32m28-Dec-2024 10:41:08.350&amp#27;[0;39m &amp#27;[34mINFO &amp#27;[0;39m &amp#27;[31m[main]&amp#27;[0;39m &amp#27;[33mo.h.c.i.RegionFactoryInitiator&amp#27;[0;39m - HHH000026: Second-level cache disabled
&amp#27;[32m28-Dec-2024 10:41:08.466&amp#27;[0;39m &amp#27;[34mINFO &amp#27;[0;39m &amp#27;[31m[main]&amp#27;[0;39m &amp#27;[33mo.s.o.j.p.SpringPersistenceUnitInfo&amp#27;[0;39m - No LoadTimeWeaver setup: ignoring JPA class transformer
&amp#27;[32m28-Dec-2024 10:41:08.500&amp#27;[0;39m &amp#27;[34mINFO &amp#27;[0;39m &amp#27;[31m[main]&amp#27;[0;39m &amp#27;[33mo.h.o.c.pooling&amp#27;[0;39m - HHH10001005: Database info:
	Database JDBC URL [Connecting through datasource 'HikariDataSource (HikariPool-1)']
	Database driver: undefined/unknown
	Database version: 16.6
	Autocommit mode: undefined/unknown
	Isolation level: undefined/unknown
	Minimum pool size: undefined/unknown
	Maximum pool size: undefined/unknown
&amp#27;[32m28-Dec-2024 10:41:08.836&amp#27;[0;39m &amp#27;[34mINFO &amp#27;[0;39m &amp#27;[31m[main]&amp#27;[0;39m &amp#27;[33mo.h.e.t.j.p.i.JtaPlatformInitiator&amp#27;[0;39m - HHH000489: No JTA platform available (set 'hibernate.transaction.jta.platform' to enable JTA platform integration)
&amp#27;[32m28-Dec-2024 10:41:08.837&amp#27;[0;39m &amp#27;[34mINFO &amp#27;[0;39m &amp#27;[31m[main]&amp#27;[0;39m &amp#27;[33mo.s.o.j.LocalContainerEntityManagerFactoryBean&amp#27;[0;39m - Initialized JPA EntityManagerFactory for persistence unit 'default'
&amp#27;[32m28-Dec-2024 10:41:08.938&amp#27;[0;39m &amp#27;[34mINFO &amp#27;[0;39m &amp#27;[31m[main]&amp#27;[0;39m &amp#27;[33mo.s.d.j.r.q.QueryEnhancerFactory&amp#27;[0;39m - Hibernate is in classpath; If applicable, HQL parser will be used.
&amp#27;[32m28-Dec-2024 10:41:09.225&amp#27;[0;39m &amp#27;[34mWARN &amp#27;[0;39m &amp#27;[31m[main]&amp#27;[0;39m &amp#27;[33mo.s.b.a.o.j.JpaBaseConfiguration$JpaWebConfiguration&amp#27;[0;39m - spring.jpa.open-in-view is enabled by default. Therefore, database queries may be performed during view rendering. Explicitly configure spring.jpa.open-in-view to disable this warning
&amp#27;[32m28-Dec-2024 10:41:09.245&amp#27;[0;39m &amp#27;[34mINFO &amp#27;[0;39m &amp#27;[31m[main]&amp#27;[0;39m &amp#27;[33mo.s.s.c.a.a.c.InitializeUserDetailsBeanManagerConfigurer$InitializeUserDetailsManagerConfigurer&amp#27;[0;39m - Global AuthenticationManager configured with UserDetailsService bean with name employeeDetailsService
&amp#27;[32m28-Dec-2024 10:41:09.480&amp#27;[0;39m &amp#27;[34mINFO &amp#27;[0;39m &amp#27;[31m[main]&amp#27;[0;39m &amp#27;[33mc.e.e.EmployeeSecApplicationTests&amp#27;[0;39m - Started EmployeeSecApplicationTests in 2.297 seconds (process running for 2.768)
]]></system-out>
    <system-err><![CDATA[Mockito is currently self-attaching to enable the inline-mock-maker. This will no longer work in future releases of the JDK. Please add Mockito as an agent to your build what is described in Mockito's documentation: https://javadoc.io/doc/org.mockito/mockito-core/latest/org/mockito/Mockito.html#0.3
WARNING: A Java agent has been loaded dynamically (/Users/abinash/.m2/repository/net/bytebuddy/byte-buddy-agent/1.15.11/byte-buddy-agent-1.15.11.jar)
WARNING: If a serviceability tool is in use, please run with -XX:+EnableDynamicAgentLoading to hide this warning
WARNING: If a serviceability tool is not in use, please run with -Djdk.instrument.traceUsage for more information
WARNING: Dynamic loading of agents will be disallowed by default in a future release
]]></system-err>
  </testcase>
</testsuite>